2014-12-24 20:13:26.839 Zapt Arteatral[50802:4525990] DiskCookieStorage changing policy from 2 to 0, cookie file: file:///Users/marelo/Library/Developer/CoreSimulator/Devices/FC0FC2DC-56E0-4737-A153-FB2D3FE22571/data/Containers/Data/Application/640D1EE1-85D3-4EAD-A448-F16AA0F977E7/Library/Cookies/Cookies.binarycookies
2014-12-24 20:13:27.282 Zapt Arteatral[50802:4525990] Apache Cordova native platform version 3.7.0 is starting.
2014-12-24 20:13:27.283 Zapt Arteatral[50802:4525990] Multi-tasking -> Device: YES, App: YES
2014-12-24 20:13:27.312 Zapt Arteatral[50802:4525990] Unlimited access to network resources
2014-12-24 20:13:27.324 Zapt Arteatral[50802:4525990] 

Started backup to iCloud! Please be careful.
Your application might be rejected by Apple if you store too much data.
For more information please read "iOS Data Storage Guidelines" at:
https://developer.apple.com/icloud/documentation/data-storage/
To disable web storage backup to iCloud, set the BackupWebStorage preference to "local" in the Cordova config.xml file

2014-12-24 20:13:28.950 Zapt Arteatral[50802:4525990] Resetting plugins due to page load.
2014-12-24 20:13:29.298 Zapt Arteatral[50802:4525990] Finished load of: file:///Users/marelo/Library/Developer/CoreSimulator/Devices/FC0FC2DC-56E0-4737-A153-FB2D3FE22571/data/Containers/Bundle/Application/485804BC-47B1-40DE-9A33-CD1681D2A8C3/Zapt%20Arteatral.app/www/index.html
2014-12-24 21:50:55.869 Zapt Arteatral[56035:4614658] DiskCookieStorage changing policy from 2 to 0, cookie file: file:///Users/marelo/Library/Developer/CoreSimulator/Devices/FC0FC2DC-56E0-4737-A153-FB2D3FE22571/data/Containers/Data/Application/E569E303-F35E-48EE-9F4C-0D853BC1BC45/Library/Cookies/Cookies.binarycookies
2014-12-24 21:50:56.166 Zapt Arteatral[56035:4614658] Apache Cordova native platform version 3.7.0 is starting.
2014-12-24 21:50:56.166 Zapt Arteatral[56035:4614658] Multi-tasking -> Device: YES, App: YES
2014-12-24 21:50:56.191 Zapt Arteatral[56035:4614658] Unlimited access to network resources
2014-12-24 21:50:56.201 Zapt Arteatral[56035:4614658] 

Started backup to iCloud! Please be careful.
Your application might be rejected by Apple if you store too much data.
For more information please read "iOS Data Storage Guidelines" at:
https://developer.apple.com/icloud/documentation/data-storage/
To disable web storage backup to iCloud, set the BackupWebStorage preference to "local" in the Cordova config.xml file

2014-12-24 21:50:56.960 Zapt Arteatral[56035:4614658] [CDVTimer][splashscreen] 176.252961ms
2014-12-24 21:50:56.960 Zapt Arteatral[56035:4614658] [CDVTimer][TotalPluginStartup] 176.425993ms
2014-12-24 21:50:57.184 Zapt Arteatral[56035:4614658] Resetting plugins due to page load.
2014-12-24 21:50:57.478 Zapt Arteatral[56035:4614658] Finished load of: file:///Users/marelo/Library/Developer/CoreSimulator/Devices/FC0FC2DC-56E0-4737-A153-FB2D3FE22571/data/Containers/Bundle/Application/5AF9B779-0D2C-48E9-9C97-BBF4BFB58670/Zapt%20Arteatral.app/www/index.html
2014-12-28 00:05:57.316 Zapt Arteatral[57981:4673503] DiskCookieStorage changing policy from 2 to 0, cookie file: file:///Users/marelo/Library/Developer/CoreSimulator/Devices/FC0FC2DC-56E0-4737-A153-FB2D3FE22571/data/Containers/Data/Application/4C99ABAA-2104-4233-93FC-06F59BB4EFAC/Library/Cookies/Cookies.binarycookies
2014-12-28 00:05:57.587 Zapt Arteatral[57981:4673503] Apache Cordova native platform version 3.7.0 is starting.
2014-12-28 00:05:57.588 Zapt Arteatral[57981:4673503] Multi-tasking -> Device: YES, App: YES
2014-12-28 00:05:57.603 Zapt Arteatral[57981:4673503] Unlimited access to network resources
2014-12-28 00:05:57.623 Zapt Arteatral[57981:4673503] 

Started backup to iCloud! Please be careful.
Your application might be rejected by Apple if you store too much data.
For more information please read "iOS Data Storage Guidelines" at:
https://developer.apple.com/icloud/documentation/data-storage/
To disable web storage backup to iCloud, set the BackupWebStorage preference to "local" in the Cordova config.xml file

2014-12-28 00:05:58.413 Zapt Arteatral[57981:4673503] [CDVTimer][splashscreen] 176.491976ms
2014-12-28 00:05:58.414 Zapt Arteatral[57981:4673503] [CDVTimer][TotalPluginStartup] 176.680028ms
2014-12-28 00:05:58.617 Zapt Arteatral[57981:4673503] Resetting plugins due to page load.
2014-12-28 00:05:58.936 Zapt Arteatral[57981:4673503] Finished load of: file:///Users/marelo/Library/Developer/CoreSimulator/Devices/FC0FC2DC-56E0-4737-A153-FB2D3FE22571/data/Containers/Bundle/Application/19DB1364-BC41-40CB-906B-AC5841B5554B/Zapt%20Arteatral.app/www/index.html
